Arguments: 
  C:\Program Files\nodejs\node.exe C:\Users\jurrp\AppData\Roaming\nvm\v12.20.0\node_modules\@sanity\cli\vendor\yarn install --json --non-interactive --ignore-engines --registry https://registry.npmjs.org

PATH: 
  C:\Users\jurrp\Desktop\Projects\pizza-app\node_modules\.bin;C:\Users\jurrp\Desktop\Projects\node_modules\.bin;C:\Users\jurrp\Desktop\node_modules\.bin;C:\Users\jurrp\node_modules\.bin;C:\Users\node_modules\.bin;C:\node_modules\.bin;C:\Program Files\nodejs;C:\Users\jurrp\Desktop\cmder\vendor\bin;C:\Users\jurrp\Desktop\cmder\vendor\conemu-maximus5\ConEmu\Scripts;C:\Users\jurrp\Desktop\cmder\vendor\conemu-maximus5;C:\Users\jurrp\Desktop\cmder\vendor\conemu-maximus5\ConEmu;C:\Windows\system32;C:\Windows;C:\Windows\System32\Wbem;C:\Windows\System32\WindowsPowerShell\v1.0\;C:\Windows\System32\OpenSSH\;C:\Users\jurrp\AppData\Roaming\nvm;C:\Program Files\nodejs;C:\Program Files\Git\cmd;C:\Program Files\PuTTY\;C:\Users\jurrp\AppData\Local\Microsoft\WindowsApps;C:\Users\jurrp\AppData\Local\Programs\Microsoft VS Code\bin;C:\Users\jurrp\AppData\Roaming\nvm;C:\Program Files\nodejs;C:\Program Files\Git\mingw64\bin;C:\Program Files\Git\usr\bin;C:\Users\jurrp\Desktop\cmder

Yarn version: 
  1.6.0

Node version: 
  12.20.0

Platform: 
  win32 x64

Trace: 
  Error: https://registry.npmjs.org/date-fns/-/date-fns-2.16.1.tgz: ESOCKETTIMEDOUT
      at ClientRequest.<anonymous> (C:\Users\jurrp\AppData\Roaming\nvm\v12.20.0\node_modules\@sanity\cli\vendor\yarn:133816:19)
      at Object.onceWrapper (events.js:420:28)
      at ClientRequest.emit (events.js:314:20)
      at TLSSocket.emitRequestTimeout (_http_client.js:715:9)
      at Object.onceWrapper (events.js:420:28)
      at TLSSocket.emit (events.js:326:22)
      at TLSSocket.Socket._onTimeout (net.js:483:8)
      at listOnTimeout (internal/timers.js:554:17)
      at processTimers (internal/timers.js:497:7)

npm manifest: 
  {
    "name": "pizzaapp",
    "private": true,
    "version": "1.0.0",
    "description": "",
    "main": "package.json",
    "author": "Krzysztof Sordyl <christopher.sordyl@gmail.com>",
    "license": "UNLICENSED",
    "scripts": {
      "start": "sanity start",
      "build": "sanity build"
    },
    "keywords": [
      "sanity"
    ],
    "dependencies": {
      "@sanity/base": "^2.1.3",
      "@sanity/components": "^2.1.0",
      "@sanity/core": "^2.1.2",
      "@sanity/default-layout": "^2.1.3",
      "@sanity/default-login": "^2.1.0",
      "@sanity/desk-tool": "^2.1.3",
      "@sanity/vision": "^2.1.0",
      "prop-types": "^15.7",
      "react": "^17.0",
      "react-barcode": "^1.3.2",
      "react-dom": "^17.0"
    },
    "devDependencies": {}
  }

yarn manifest: 
  No manifest

Lockfile: 
  No lockfile
